<?xml version="1.0" encoding="UTF-8"?>
<testsuite xmlns:xsi="http://www.w3.org/2001/XMLSchema-instance" xsi:noNamespaceSchemaLocation="https://maven.apache.org/surefire/maven-surefire-plugin/xsd/surefire-test-report-3.0.xsd" version="3.0" name="com.epf.config.DataSourceConfigTest" time="0.797" tests="1" errors="0" skipped="0" failures="0">
  <properties>
[...]
</properties>
  <testcase name="testReadDB" classname="com.epf.config.DataSourceConfigTest" time="0.775">
    <system-out><![CDATA[22:57:15.899 [main] DEBUG org.springframework.context.annotation.AnnotationConfigApplicationContext -- Refreshing org.springframework.context.annotation.AnnotationConfigApplicationContext@50b5ac82
22:57:15.913 [main] DEBUG org.springframework.beans.factory.support.DefaultListableBeanFactory -- Creating shared instance of singleton bean 'org.springframework.context.annotation.internalConfigurationAnnotationProcessor'
22:57:16.030 [main] DEBUG org.springframework.beans.factory.support.DefaultListableBeanFactory -- Creating shared instance of singleton bean 'org.springframework.context.event.internalEventListenerProcessor'
22:57:16.035 [main] DEBUG org.springframework.beans.factory.support.DefaultListableBeanFactory -- Creating shared instance of singleton bean 'org.springframework.context.event.internalEventListenerFactory'
22:57:16.037 [main] DEBUG org.springframework.beans.factory.support.DefaultListableBeanFactory -- Creating shared instance of singleton bean 'org.springframework.context.annotation.internalAutowiredAnnotationProcessor'
22:57:16.042 [main] DEBUG org.springframework.beans.factory.support.DefaultListableBeanFactory -- Creating shared instance of singleton bean 'dataSourceConfig'
22:57:16.056 [main] DEBUG org.springframework.core.env.PropertySourcesPropertyResolver -- Found key 'spring.datasource.url' in PropertySource 'class path resource [database.properties]' with value of type String
22:57:16.064 [main] DEBUG org.springframework.core.env.PropertySourcesPropertyResolver -- Found key 'spring.datasource.username' in PropertySource 'class path resource [database.properties]' with value of type String
22:57:16.065 [main] DEBUG org.springframework.core.env.PropertySourcesPropertyResolver -- Found key 'spring.datasource.password' in PropertySource 'class path resource [database.properties]' with value of type String
22:57:16.065 [main] DEBUG org.springframework.core.env.PropertySourcesPropertyResolver -- Found key 'spring.datasource.driver-class-name' in PropertySource 'class path resource [database.properties]' with value of type String
22:57:16.065 [main] DEBUG org.springframework.beans.factory.support.DefaultListableBeanFactory -- Creating shared instance of singleton bean 'dataSource'
22:57:16.071 [main] DEBUG org.springframework.jdbc.datasource.DriverManagerDataSource -- Loaded JDBC driver: com.mysql.cj.jdbc.Driver
22:57:16.074 [main] DEBUG org.springframework.beans.factory.support.DefaultListableBeanFactory -- Creating shared instance of singleton bean 'jdbcTemplate'
22:57:16.076 [main] DEBUG org.springframework.beans.factory.support.DefaultListableBeanFactory -- Autowiring by type from bean name 'jdbcTemplate' via factory method to bean named 'dataSource'
22:57:16.109 [main] DEBUG org.springframework.jdbc.datasource.DriverManagerDataSource -- Creating new JDBC DriverManager Connection to [jdbc:mysql://localhost:3306/pvz]
Plantes:
ID Plante: 1
Nom: Tournesol
Point de vie: 100
Attaque par seconde: 0.0
Dégât d'attaque: 0
Coût: 50
Soleil par seconde: 25.0
Effet: normal
Chemin de l'image: images/plante/tournesol.png
-----------------------------------
ID Plante: 2
Nom: Pois Tireur
Point de vie: 150
Attaque par seconde: 1.5
Dégât d'attaque: 20
Coût: 100
Soleil par seconde: 0.0
Effet: normal
Chemin de l'image: images/plante/poistireur.png
-----------------------------------
ID Plante: 3
Nom: Double Pisto P
Point de vie: 150
Attaque par seconde: 1.5
Dégât d'attaque: 40
Coût: 200
Soleil par seconde: 0.0
Effet: normal
Chemin de l'image: images/plante/doublepois.png
-----------------------------------
ID Plante: 4
Nom: Glace Pois
Point de vie: 120
Attaque par seconde: 1.0
Dégât d'attaque: 10
Coût: 175
Soleil par seconde: 0.0
Effet: slow low
Chemin de l'image: images/plante/glacepois.png
-----------------------------------
ID Plante: 5
Nom: Noix
Point de vie: 300
Attaque par seconde: 0.0
Dégât d'attaque: 0
Coût: 50
Soleil par seconde: 0.0
Effet: normal
Chemin de l'image: images/plante/noix.png
-----------------------------------

Zombies:
ID Zombie: 1
Nom: Zombie de base
Point de vie: 100
Attaque par seconde: 0.8
Dégât d'attaque: 10
Vitesse de déplacement: 0.5
Chemin de l'image: images/zombie/zombie.png
ID Map: 1
-----------------------------------
ID Zombie: 2
Nom: Zombie Cone
Point de vie: 200
Attaque par seconde: 0.8
Dégât d'attaque: 10
Vitesse de déplacement: 0.45
Chemin de l'image: images/zombie/conehead.png
ID Map: 1
-----------------------------------
ID Zombie: 3
Nom: Zombie Seau
Point de vie: 300
Attaque par seconde: 0.7
Dégât d'attaque: 10
Vitesse de déplacement: 0.4
Chemin de l'image: images/zombie/buckethead.png
ID Map: 1
-----------------------------------
ID Zombie: 4
Nom: Runner Zombie
Point de vie: 80
Attaque par seconde: 1.0
Dégât d'attaque: 8
Vitesse de déplacement: 0.7
Chemin de l'image: images/zombie/runner.png
ID Map: 2
-----------------------------------
ID Zombie: 5
Nom: Football Zombie
Point de vie: 250
Attaque par seconde: 0.9
Dégât d'attaque: 12
Vitesse de déplacement: 0.6
Chemin de l'image: images/zombie/football.png
ID Map: 3
-----------------------------------

Maps:
ID Map: 1
Ligne: 5
Colonne: 9
Chemin de l'image: images/map/gazon.png
-----------------------------------
ID Map: 2
Ligne: 6
Colonne: 9
Chemin de l'image: images/map/gazon.png
-----------------------------------
ID Map: 3
Ligne: 4
Colonne: 8
Chemin de l'image: images/map/gazon.png
-----------------------------------
22:57:16.497 [main] DEBUG org.springframework.context.annotation.AnnotationConfigApplicationContext -- Closing org.springframework.context.annotation.AnnotationConfigApplicationContext@50b5ac82, started on Sun Apr 27 22:57:15 CEST 2025
]]></system-out>
  </testcase>
</testsuite>