<?xml version="1.0" encoding="UTF-8"?>
<testsuite xmlns:xsi="http://www.w3.org/2001/XMLSchema-instance" xsi:noNamespaceSchemaLocation="https://maven.apache.org/surefire/maven-surefire-plugin/xsd/surefire-test-report-3.0.xsd" version="3.0" name="com.epf.dao.ZombieDAOTest" time="0.072" tests="8" errors="0" skipped="0" failures="0">
  <properties>
[...]
</properties>
  <testcase name="testCreateFailsIfMapNotExists" classname="com.epf.dao.ZombieDAOTest" time="0.013">
    <system-out><![CDATA[22:57:16.850 [main] DEBUG org.springframework.jdbc.datasource.SingleConnectionDataSource -- Creating new JDBC DriverManager Connection to [jdbc:h2:mem:testdb_testCreateFailsIfMapNotExists();DB_CLOSE_DELAY=-1]
22:57:16.851 [main] DEBUG org.springframework.jdbc.datasource.SingleConnectionDataSource -- Established shared JDBC Connection: conn10: url=jdbc:h2:mem:testdb_testCreateFailsIfMapNotExists() user=SA
22:57:16.852 [main] DEBUG org.springframework.jdbc.datasource.init.ScriptUtils -- Executing SQL script from class path resource [init.sql]
22:57:16.853 [main] DEBUG org.springframework.jdbc.datasource.init.ScriptUtils -- 0 returned as update count for SQL: CREATE TABLE Map ( id_map INT AUTO_INCREMENT PRIMARY KEY, ligne INT NOT NULL, colonne INT NOT NULL, chemin_image VARCHAR(255) DEFAULT NULL )
22:57:16.854 [main] DEBUG org.springframework.jdbc.datasource.init.ScriptUtils -- 0 returned as update count for SQL: CREATE TABLE Plante ( id_plante INT AUTO_INCREMENT PRIMARY KEY, nom VARCHAR(255) NOT NULL, point_de_vie INT NOT NULL, attaque_par_seconde DECIMAL(5, 2) DEFAULT 0.00, degat_attaque INT NOT NULL, cout INT NOT NULL, soleil_par_seconde DECIMAL(5, 2) DEFAULT 0.00, effet ENUM('normal', 'slow low', 'slow medium', 'slow stop') DEFAULT 'normal', chemin_image VARCHAR(255) DEFAULT NULL )
22:57:16.855 [main] DEBUG org.springframework.jdbc.datasource.init.ScriptUtils -- 0 returned as update count for SQL: CREATE TABLE Zombie ( id_zombie INT AUTO_INCREMENT PRIMARY KEY, nom VARCHAR(255) NOT NULL, point_de_vie INT NOT NULL, attaque_par_seconde DECIMAL(5, 2) DEFAULT 0.00, degat_attaque INT NOT NULL, vitesse_de_deplacement DECIMAL(5, 2) DEFAULT 0.00, chemin_image VARCHAR(255) DEFAULT NULL, id_map INT, CONSTRAINT fk_zombie_map FOREIGN KEY (id_map) REFERENCES Map(id_map) )
22:57:16.855 [main] DEBUG org.springframework.jdbc.datasource.init.ScriptUtils -- Executed SQL script from class path resource [init.sql] in 3 ms.
22:57:16.855 [main] DEBUG org.springframework.jdbc.datasource.init.ScriptUtils -- Executing SQL script from class path resource [values.sql]
22:57:16.856 [main] DEBUG org.springframework.jdbc.datasource.init.ScriptUtils -- 3 returned as update count for SQL: INSERT INTO Map (ligne, colonne, chemin_image) VALUES (5, 9, 'images/map/gazon.png'), (6, 9, 'images/map/gazon.png'), (4, 8, 'images/map/gazon.png')
22:57:16.856 [main] DEBUG org.springframework.jdbc.datasource.init.ScriptUtils -- 5 returned as update count for SQL: INSERT INTO Plante (nom, point_de_vie, attaque_par_seconde, degat_attaque, cout, soleil_par_seconde, effet, chemin_image) VALUES ('Tournesol', 100, 0.00, 0, 50, 25.00, 'normal', 'images/plante/tournesol.png'), ('Pois Tireur', 150, 1.50, 20, 100, 0.00, 'normal', 'images/plante/poistireur.png'), ('Double Pisto P', 150, 1.50, 40, 200, 0.00, 'normal', 'images/plante/doublepois.png'), ('Glace Pois', 120, 1.00, 10, 175, 0.00, 'slow low', 'images/plante/glacepois.png'), ('Noix', 300, 0.00, 0, 50, 0.00, 'normal', 'images/plante/noix.png')
22:57:16.857 [main] DEBUG org.springframework.jdbc.datasource.init.ScriptUtils -- 5 returned as update count for SQL: INSERT INTO Zombie (nom, point_de_vie, attaque_par_seconde, degat_attaque, vitesse_de_deplacement, chemin_image, id_map) VALUES ('Zombie de base', 100, 0.80, 10, 0.50, 'images/zombie/zombie.png', 1), ('Zombie Cone', 200, 0.80, 10, 0.45, 'images/zombie/conehead.png', 1), ('Zombie Seau', 300, 0.70, 10, 0.40, 'images/zombie/buckethead.png', 1), ('Runner Zombie', 80, 1.00, 8, 0.70, 'images/zombie/runner.png', 2), ('Football Zombie', 250, 0.90, 12, 0.60, 'images/zombie/football.png', 3)
22:57:16.857 [main] DEBUG org.springframework.jdbc.datasource.init.ScriptUtils -- Executed SQL script from class path resource [values.sql] in 2 ms.
22:57:16.858 [main] DEBUG org.springframework.jdbc.core.JdbcTemplate -- Executing prepared SQL query
22:57:16.858 [main] DEBUG org.springframework.jdbc.core.JdbcTemplate -- Executing prepared SQL statement [SELECT * FROM map WHERE id_map = ?]
22:57:16.858 [main] DEBUG org.springframework.jdbc.datasource.DataSourceUtils -- Fetching JDBC Connection from DataSource
]]></system-out>
  </testcase>
  <testcase name="testReadByMapId" classname="com.epf.dao.ZombieDAOTest" time="0.01">
    <system-out><![CDATA[22:57:16.861 [main] DEBUG org.springframework.jdbc.datasource.SingleConnectionDataSource -- Creating new JDBC DriverManager Connection to [jdbc:h2:mem:testdb_testReadByMapId();DB_CLOSE_DELAY=-1]
22:57:16.862 [main] DEBUG org.springframework.jdbc.datasource.SingleConnectionDataSource -- Established shared JDBC Connection: conn11: url=jdbc:h2:mem:testdb_testReadByMapId() user=SA
22:57:16.862 [main] DEBUG org.springframework.jdbc.datasource.init.ScriptUtils -- Executing SQL script from class path resource [init.sql]
22:57:16.864 [main] DEBUG org.springframework.jdbc.datasource.init.ScriptUtils -- 0 returned as update count for SQL: CREATE TABLE Map ( id_map INT AUTO_INCREMENT PRIMARY KEY, ligne INT NOT NULL, colonne INT NOT NULL, chemin_image VARCHAR(255) DEFAULT NULL )
22:57:16.865 [main] DEBUG org.springframework.jdbc.datasource.init.ScriptUtils -- 0 returned as update count for SQL: CREATE TABLE Plante ( id_plante INT AUTO_INCREMENT PRIMARY KEY, nom VARCHAR(255) NOT NULL, point_de_vie INT NOT NULL, attaque_par_seconde DECIMAL(5, 2) DEFAULT 0.00, degat_attaque INT NOT NULL, cout INT NOT NULL, soleil_par_seconde DECIMAL(5, 2) DEFAULT 0.00, effet ENUM('normal', 'slow low', 'slow medium', 'slow stop') DEFAULT 'normal', chemin_image VARCHAR(255) DEFAULT NULL )
22:57:16.866 [main] DEBUG org.springframework.jdbc.datasource.init.ScriptUtils -- 0 returned as update count for SQL: CREATE TABLE Zombie ( id_zombie INT AUTO_INCREMENT PRIMARY KEY, nom VARCHAR(255) NOT NULL, point_de_vie INT NOT NULL, attaque_par_seconde DECIMAL(5, 2) DEFAULT 0.00, degat_attaque INT NOT NULL, vitesse_de_deplacement DECIMAL(5, 2) DEFAULT 0.00, chemin_image VARCHAR(255) DEFAULT NULL, id_map INT, CONSTRAINT fk_zombie_map FOREIGN KEY (id_map) REFERENCES Map(id_map) )
22:57:16.866 [main] DEBUG org.springframework.jdbc.datasource.init.ScriptUtils -- Executed SQL script from class path resource [init.sql] in 4 ms.
22:57:16.866 [main] DEBUG org.springframework.jdbc.datasource.init.ScriptUtils -- Executing SQL script from class path resource [values.sql]
22:57:16.867 [main] DEBUG org.springframework.jdbc.datasource.init.ScriptUtils -- 3 returned as update count for SQL: INSERT INTO Map (ligne, colonne, chemin_image) VALUES (5, 9, 'images/map/gazon.png'), (6, 9, 'images/map/gazon.png'), (4, 8, 'images/map/gazon.png')
22:57:16.868 [main] DEBUG org.springframework.jdbc.datasource.init.ScriptUtils -- 5 returned as update count for SQL: INSERT INTO Plante (nom, point_de_vie, attaque_par_seconde, degat_attaque, cout, soleil_par_seconde, effet, chemin_image) VALUES ('Tournesol', 100, 0.00, 0, 50, 25.00, 'normal', 'images/plante/tournesol.png'), ('Pois Tireur', 150, 1.50, 20, 100, 0.00, 'normal', 'images/plante/poistireur.png'), ('Double Pisto P', 150, 1.50, 40, 200, 0.00, 'normal', 'images/plante/doublepois.png'), ('Glace Pois', 120, 1.00, 10, 175, 0.00, 'slow low', 'images/plante/glacepois.png'), ('Noix', 300, 0.00, 0, 50, 0.00, 'normal', 'images/plante/noix.png')
22:57:16.868 [main] DEBUG org.springframework.jdbc.datasource.init.ScriptUtils -- 5 returned as update count for SQL: INSERT INTO Zombie (nom, point_de_vie, attaque_par_seconde, degat_attaque, vitesse_de_deplacement, chemin_image, id_map) VALUES ('Zombie de base', 100, 0.80, 10, 0.50, 'images/zombie/zombie.png', 1), ('Zombie Cone', 200, 0.80, 10, 0.45, 'images/zombie/conehead.png', 1), ('Zombie Seau', 300, 0.70, 10, 0.40, 'images/zombie/buckethead.png', 1), ('Runner Zombie', 80, 1.00, 8, 0.70, 'images/zombie/runner.png', 2), ('Football Zombie', 250, 0.90, 12, 0.60, 'images/zombie/football.png', 3)
22:57:16.868 [main] DEBUG org.springframework.jdbc.datasource.init.ScriptUtils -- Executed SQL script from class path resource [values.sql] in 2 ms.
22:57:16.868 [main] DEBUG org.springframework.jdbc.core.JdbcTemplate -- Executing prepared SQL query
22:57:16.868 [main] DEBUG org.springframework.jdbc.core.JdbcTemplate -- Executing prepared SQL statement [SELECT * FROM zombie WHERE id_map = ?]
22:57:16.868 [main] DEBUG org.springframework.jdbc.datasource.DataSourceUtils -- Fetching JDBC Connection from DataSource
]]></system-out>
  </testcase>
  <testcase name="testReadById" classname="com.epf.dao.ZombieDAOTest" time="0.008">
    <system-out><![CDATA[22:57:16.871 [main] DEBUG org.springframework.jdbc.datasource.SingleConnectionDataSource -- Creating new JDBC DriverManager Connection to [jdbc:h2:mem:testdb_testReadById();DB_CLOSE_DELAY=-1]
22:57:16.872 [main] DEBUG org.springframework.jdbc.datasource.SingleConnectionDataSource -- Established shared JDBC Connection: conn12: url=jdbc:h2:mem:testdb_testReadById() user=SA
22:57:16.872 [main] DEBUG org.springframework.jdbc.datasource.init.ScriptUtils -- Executing SQL script from class path resource [init.sql]
22:57:16.873 [main] DEBUG org.springframework.jdbc.datasource.init.ScriptUtils -- 0 returned as update count for SQL: CREATE TABLE Map ( id_map INT AUTO_INCREMENT PRIMARY KEY, ligne INT NOT NULL, colonne INT NOT NULL, chemin_image VARCHAR(255) DEFAULT NULL )
22:57:16.873 [main] DEBUG org.springframework.jdbc.datasource.init.ScriptUtils -- 0 returned as update count for SQL: CREATE TABLE Plante ( id_plante INT AUTO_INCREMENT PRIMARY KEY, nom VARCHAR(255) NOT NULL, point_de_vie INT NOT NULL, attaque_par_seconde DECIMAL(5, 2) DEFAULT 0.00, degat_attaque INT NOT NULL, cout INT NOT NULL, soleil_par_seconde DECIMAL(5, 2) DEFAULT 0.00, effet ENUM('normal', 'slow low', 'slow medium', 'slow stop') DEFAULT 'normal', chemin_image VARCHAR(255) DEFAULT NULL )
22:57:16.874 [main] DEBUG org.springframework.jdbc.datasource.init.ScriptUtils -- 0 returned as update count for SQL: CREATE TABLE Zombie ( id_zombie INT AUTO_INCREMENT PRIMARY KEY, nom VARCHAR(255) NOT NULL, point_de_vie INT NOT NULL, attaque_par_seconde DECIMAL(5, 2) DEFAULT 0.00, degat_attaque INT NOT NULL, vitesse_de_deplacement DECIMAL(5, 2) DEFAULT 0.00, chemin_image VARCHAR(255) DEFAULT NULL, id_map INT, CONSTRAINT fk_zombie_map FOREIGN KEY (id_map) REFERENCES Map(id_map) )
22:57:16.874 [main] DEBUG org.springframework.jdbc.datasource.init.ScriptUtils -- Executed SQL script from class path resource [init.sql] in 2 ms.
22:57:16.875 [main] DEBUG org.springframework.jdbc.datasource.init.ScriptUtils -- Executing SQL script from class path resource [values.sql]
22:57:16.875 [main] DEBUG org.springframework.jdbc.datasource.init.ScriptUtils -- 3 returned as update count for SQL: INSERT INTO Map (ligne, colonne, chemin_image) VALUES (5, 9, 'images/map/gazon.png'), (6, 9, 'images/map/gazon.png'), (4, 8, 'images/map/gazon.png')
22:57:16.876 [main] DEBUG org.springframework.jdbc.datasource.init.ScriptUtils -- 5 returned as update count for SQL: INSERT INTO Plante (nom, point_de_vie, attaque_par_seconde, degat_attaque, cout, soleil_par_seconde, effet, chemin_image) VALUES ('Tournesol', 100, 0.00, 0, 50, 25.00, 'normal', 'images/plante/tournesol.png'), ('Pois Tireur', 150, 1.50, 20, 100, 0.00, 'normal', 'images/plante/poistireur.png'), ('Double Pisto P', 150, 1.50, 40, 200, 0.00, 'normal', 'images/plante/doublepois.png'), ('Glace Pois', 120, 1.00, 10, 175, 0.00, 'slow low', 'images/plante/glacepois.png'), ('Noix', 300, 0.00, 0, 50, 0.00, 'normal', 'images/plante/noix.png')
22:57:16.877 [main] DEBUG org.springframework.jdbc.datasource.init.ScriptUtils -- 5 returned as update count for SQL: INSERT INTO Zombie (nom, point_de_vie, attaque_par_seconde, degat_attaque, vitesse_de_deplacement, chemin_image, id_map) VALUES ('Zombie de base', 100, 0.80, 10, 0.50, 'images/zombie/zombie.png', 1), ('Zombie Cone', 200, 0.80, 10, 0.45, 'images/zombie/conehead.png', 1), ('Zombie Seau', 300, 0.70, 10, 0.40, 'images/zombie/buckethead.png', 1), ('Runner Zombie', 80, 1.00, 8, 0.70, 'images/zombie/runner.png', 2), ('Football Zombie', 250, 0.90, 12, 0.60, 'images/zombie/football.png', 3)
22:57:16.877 [main] DEBUG org.springframework.jdbc.datasource.init.ScriptUtils -- Executed SQL script from class path resource [values.sql] in 2 ms.
22:57:16.877 [main] DEBUG org.springframework.jdbc.core.JdbcTemplate -- Executing prepared SQL query
22:57:16.877 [main] DEBUG org.springframework.jdbc.core.JdbcTemplate -- Executing prepared SQL statement [SELECT * FROM zombie WHERE id_zombie = ?]
22:57:16.877 [main] DEBUG org.springframework.jdbc.datasource.DataSourceUtils -- Fetching JDBC Connection from DataSource
]]></system-out>
  </testcase>
  <testcase name="testReadAll" classname="com.epf.dao.ZombieDAOTest" time="0.008">
    <system-out><![CDATA[22:57:16.879 [main] DEBUG org.springframework.jdbc.datasource.SingleConnectionDataSource -- Creating new JDBC DriverManager Connection to [jdbc:h2:mem:testdb_testReadAll();DB_CLOSE_DELAY=-1]
22:57:16.879 [main] DEBUG org.springframework.jdbc.datasource.SingleConnectionDataSource -- Established shared JDBC Connection: conn13: url=jdbc:h2:mem:testdb_testReadAll() user=SA
22:57:16.879 [main] DEBUG org.springframework.jdbc.datasource.init.ScriptUtils -- Executing SQL script from class path resource [init.sql]
22:57:16.880 [main] DEBUG org.springframework.jdbc.datasource.init.ScriptUtils -- 0 returned as update count for SQL: CREATE TABLE Map ( id_map INT AUTO_INCREMENT PRIMARY KEY, ligne INT NOT NULL, colonne INT NOT NULL, chemin_image VARCHAR(255) DEFAULT NULL )
22:57:16.881 [main] DEBUG org.springframework.jdbc.datasource.init.ScriptUtils -- 0 returned as update count for SQL: CREATE TABLE Plante ( id_plante INT AUTO_INCREMENT PRIMARY KEY, nom VARCHAR(255) NOT NULL, point_de_vie INT NOT NULL, attaque_par_seconde DECIMAL(5, 2) DEFAULT 0.00, degat_attaque INT NOT NULL, cout INT NOT NULL, soleil_par_seconde DECIMAL(5, 2) DEFAULT 0.00, effet ENUM('normal', 'slow low', 'slow medium', 'slow stop') DEFAULT 'normal', chemin_image VARCHAR(255) DEFAULT NULL )
22:57:16.883 [main] DEBUG org.springframework.jdbc.datasource.init.ScriptUtils -- 0 returned as update count for SQL: CREATE TABLE Zombie ( id_zombie INT AUTO_INCREMENT PRIMARY KEY, nom VARCHAR(255) NOT NULL, point_de_vie INT NOT NULL, attaque_par_seconde DECIMAL(5, 2) DEFAULT 0.00, degat_attaque INT NOT NULL, vitesse_de_deplacement DECIMAL(5, 2) DEFAULT 0.00, chemin_image VARCHAR(255) DEFAULT NULL, id_map INT, CONSTRAINT fk_zombie_map FOREIGN KEY (id_map) REFERENCES Map(id_map) )
22:57:16.883 [main] DEBUG org.springframework.jdbc.datasource.init.ScriptUtils -- Executed SQL script from class path resource [init.sql] in 4 ms.
22:57:16.883 [main] DEBUG org.springframework.jdbc.datasource.init.ScriptUtils -- Executing SQL script from class path resource [values.sql]
22:57:16.884 [main] DEBUG org.springframework.jdbc.datasource.init.ScriptUtils -- 3 returned as update count for SQL: INSERT INTO Map (ligne, colonne, chemin_image) VALUES (5, 9, 'images/map/gazon.png'), (6, 9, 'images/map/gazon.png'), (4, 8, 'images/map/gazon.png')
22:57:16.884 [main] DEBUG org.springframework.jdbc.datasource.init.ScriptUtils -- 5 returned as update count for SQL: INSERT INTO Plante (nom, point_de_vie, attaque_par_seconde, degat_attaque, cout, soleil_par_seconde, effet, chemin_image) VALUES ('Tournesol', 100, 0.00, 0, 50, 25.00, 'normal', 'images/plante/tournesol.png'), ('Pois Tireur', 150, 1.50, 20, 100, 0.00, 'normal', 'images/plante/poistireur.png'), ('Double Pisto P', 150, 1.50, 40, 200, 0.00, 'normal', 'images/plante/doublepois.png'), ('Glace Pois', 120, 1.00, 10, 175, 0.00, 'slow low', 'images/plante/glacepois.png'), ('Noix', 300, 0.00, 0, 50, 0.00, 'normal', 'images/plante/noix.png')
22:57:16.884 [main] DEBUG org.springframework.jdbc.datasource.init.ScriptUtils -- 5 returned as update count for SQL: INSERT INTO Zombie (nom, point_de_vie, attaque_par_seconde, degat_attaque, vitesse_de_deplacement, chemin_image, id_map) VALUES ('Zombie de base', 100, 0.80, 10, 0.50, 'images/zombie/zombie.png', 1), ('Zombie Cone', 200, 0.80, 10, 0.45, 'images/zombie/conehead.png', 1), ('Zombie Seau', 300, 0.70, 10, 0.40, 'images/zombie/buckethead.png', 1), ('Runner Zombie', 80, 1.00, 8, 0.70, 'images/zombie/runner.png', 2), ('Football Zombie', 250, 0.90, 12, 0.60, 'images/zombie/football.png', 3)
22:57:16.884 [main] DEBUG org.springframework.jdbc.datasource.init.ScriptUtils -- Executed SQL script from class path resource [values.sql] in 1 ms.
22:57:16.885 [main] DEBUG org.springframework.jdbc.core.JdbcTemplate -- Executing SQL query [SELECT * FROM zombie]
22:57:16.885 [main] DEBUG org.springframework.jdbc.datasource.DataSourceUtils -- Fetching JDBC Connection from DataSource
]]></system-out>
  </testcase>
  <testcase name="testDeleteById" classname="com.epf.dao.ZombieDAOTest" time="0.007">
    <system-out><![CDATA[22:57:16.887 [main] DEBUG org.springframework.jdbc.datasource.SingleConnectionDataSource -- Creating new JDBC DriverManager Connection to [jdbc:h2:mem:testdb_testDeleteById();DB_CLOSE_DELAY=-1]
22:57:16.888 [main] DEBUG org.springframework.jdbc.datasource.SingleConnectionDataSource -- Established shared JDBC Connection: conn14: url=jdbc:h2:mem:testdb_testDeleteById() user=SA
22:57:16.888 [main] DEBUG org.springframework.jdbc.datasource.init.ScriptUtils -- Executing SQL script from class path resource [init.sql]
22:57:16.889 [main] DEBUG org.springframework.jdbc.datasource.init.ScriptUtils -- 0 returned as update count for SQL: CREATE TABLE Map ( id_map INT AUTO_INCREMENT PRIMARY KEY, ligne INT NOT NULL, colonne INT NOT NULL, chemin_image VARCHAR(255) DEFAULT NULL )
22:57:16.889 [main] DEBUG org.springframework.jdbc.datasource.init.ScriptUtils -- 0 returned as update count for SQL: CREATE TABLE Plante ( id_plante INT AUTO_INCREMENT PRIMARY KEY, nom VARCHAR(255) NOT NULL, point_de_vie INT NOT NULL, attaque_par_seconde DECIMAL(5, 2) DEFAULT 0.00, degat_attaque INT NOT NULL, cout INT NOT NULL, soleil_par_seconde DECIMAL(5, 2) DEFAULT 0.00, effet ENUM('normal', 'slow low', 'slow medium', 'slow stop') DEFAULT 'normal', chemin_image VARCHAR(255) DEFAULT NULL )
22:57:16.890 [main] DEBUG org.springframework.jdbc.datasource.init.ScriptUtils -- 0 returned as update count for SQL: CREATE TABLE Zombie ( id_zombie INT AUTO_INCREMENT PRIMARY KEY, nom VARCHAR(255) NOT NULL, point_de_vie INT NOT NULL, attaque_par_seconde DECIMAL(5, 2) DEFAULT 0.00, degat_attaque INT NOT NULL, vitesse_de_deplacement DECIMAL(5, 2) DEFAULT 0.00, chemin_image VARCHAR(255) DEFAULT NULL, id_map INT, CONSTRAINT fk_zombie_map FOREIGN KEY (id_map) REFERENCES Map(id_map) )
22:57:16.890 [main] DEBUG org.springframework.jdbc.datasource.init.ScriptUtils -- Executed SQL script from class path resource [init.sql] in 2 ms.
22:57:16.890 [main] DEBUG org.springframework.jdbc.datasource.init.ScriptUtils -- Executing SQL script from class path resource [values.sql]
22:57:16.891 [main] DEBUG org.springframework.jdbc.datasource.init.ScriptUtils -- 3 returned as update count for SQL: INSERT INTO Map (ligne, colonne, chemin_image) VALUES (5, 9, 'images/map/gazon.png'), (6, 9, 'images/map/gazon.png'), (4, 8, 'images/map/gazon.png')
22:57:16.892 [main] DEBUG org.springframework.jdbc.datasource.init.ScriptUtils -- 5 returned as update count for SQL: INSERT INTO Plante (nom, point_de_vie, attaque_par_seconde, degat_attaque, cout, soleil_par_seconde, effet, chemin_image) VALUES ('Tournesol', 100, 0.00, 0, 50, 25.00, 'normal', 'images/plante/tournesol.png'), ('Pois Tireur', 150, 1.50, 20, 100, 0.00, 'normal', 'images/plante/poistireur.png'), ('Double Pisto P', 150, 1.50, 40, 200, 0.00, 'normal', 'images/plante/doublepois.png'), ('Glace Pois', 120, 1.00, 10, 175, 0.00, 'slow low', 'images/plante/glacepois.png'), ('Noix', 300, 0.00, 0, 50, 0.00, 'normal', 'images/plante/noix.png')
22:57:16.892 [main] DEBUG org.springframework.jdbc.datasource.init.ScriptUtils -- 5 returned as update count for SQL: INSERT INTO Zombie (nom, point_de_vie, attaque_par_seconde, degat_attaque, vitesse_de_deplacement, chemin_image, id_map) VALUES ('Zombie de base', 100, 0.80, 10, 0.50, 'images/zombie/zombie.png', 1), ('Zombie Cone', 200, 0.80, 10, 0.45, 'images/zombie/conehead.png', 1), ('Zombie Seau', 300, 0.70, 10, 0.40, 'images/zombie/buckethead.png', 1), ('Runner Zombie', 80, 1.00, 8, 0.70, 'images/zombie/runner.png', 2), ('Football Zombie', 250, 0.90, 12, 0.60, 'images/zombie/football.png', 3)
22:57:16.892 [main] DEBUG org.springframework.jdbc.datasource.init.ScriptUtils -- Executed SQL script from class path resource [values.sql] in 2 ms.
22:57:16.892 [main] DEBUG org.springframework.jdbc.core.JdbcTemplate -- Executing prepared SQL update
22:57:16.892 [main] DEBUG org.springframework.jdbc.core.JdbcTemplate -- Executing prepared SQL statement [DELETE FROM zombie WHERE id_zombie = ?]
22:57:16.892 [main] DEBUG org.springframework.jdbc.datasource.DataSourceUtils -- Fetching JDBC Connection from DataSource
22:57:16.893 [main] DEBUG org.springframework.jdbc.core.JdbcTemplate -- Executing prepared SQL query
22:57:16.893 [main] DEBUG org.springframework.jdbc.core.JdbcTemplate -- Executing prepared SQL statement [SELECT * FROM zombie WHERE id_zombie = ?]
22:57:16.893 [main] DEBUG org.springframework.jdbc.datasource.DataSourceUtils -- Fetching JDBC Connection from DataSource
]]></system-out>
  </testcase>
  <testcase name="testCreate" classname="com.epf.dao.ZombieDAOTest" time="0.007">
    <system-out><![CDATA[22:57:16.895 [main] DEBUG org.springframework.jdbc.datasource.SingleConnectionDataSource -- Creating new JDBC DriverManager Connection to [jdbc:h2:mem:testdb_testCreate();DB_CLOSE_DELAY=-1]
22:57:16.895 [main] DEBUG org.springframework.jdbc.datasource.SingleConnectionDataSource -- Established shared JDBC Connection: conn15: url=jdbc:h2:mem:testdb_testCreate() user=SA
22:57:16.895 [main] DEBUG org.springframework.jdbc.datasource.init.ScriptUtils -- Executing SQL script from class path resource [init.sql]
22:57:16.896 [main] DEBUG org.springframework.jdbc.datasource.init.ScriptUtils -- 0 returned as update count for SQL: CREATE TABLE Map ( id_map INT AUTO_INCREMENT PRIMARY KEY, ligne INT NOT NULL, colonne INT NOT NULL, chemin_image VARCHAR(255) DEFAULT NULL )
22:57:16.896 [main] DEBUG org.springframework.jdbc.datasource.init.ScriptUtils -- 0 returned as update count for SQL: CREATE TABLE Plante ( id_plante INT AUTO_INCREMENT PRIMARY KEY, nom VARCHAR(255) NOT NULL, point_de_vie INT NOT NULL, attaque_par_seconde DECIMAL(5, 2) DEFAULT 0.00, degat_attaque INT NOT NULL, cout INT NOT NULL, soleil_par_seconde DECIMAL(5, 2) DEFAULT 0.00, effet ENUM('normal', 'slow low', 'slow medium', 'slow stop') DEFAULT 'normal', chemin_image VARCHAR(255) DEFAULT NULL )
22:57:16.898 [main] DEBUG org.springframework.jdbc.datasource.init.ScriptUtils -- 0 returned as update count for SQL: CREATE TABLE Zombie ( id_zombie INT AUTO_INCREMENT PRIMARY KEY, nom VARCHAR(255) NOT NULL, point_de_vie INT NOT NULL, attaque_par_seconde DECIMAL(5, 2) DEFAULT 0.00, degat_attaque INT NOT NULL, vitesse_de_deplacement DECIMAL(5, 2) DEFAULT 0.00, chemin_image VARCHAR(255) DEFAULT NULL, id_map INT, CONSTRAINT fk_zombie_map FOREIGN KEY (id_map) REFERENCES Map(id_map) )
22:57:16.898 [main] DEBUG org.springframework.jdbc.datasource.init.ScriptUtils -- Executed SQL script from class path resource [init.sql] in 3 ms.
22:57:16.898 [main] DEBUG org.springframework.jdbc.datasource.init.ScriptUtils -- Executing SQL script from class path resource [values.sql]
22:57:16.899 [main] DEBUG org.springframework.jdbc.datasource.init.ScriptUtils -- 3 returned as update count for SQL: INSERT INTO Map (ligne, colonne, chemin_image) VALUES (5, 9, 'images/map/gazon.png'), (6, 9, 'images/map/gazon.png'), (4, 8, 'images/map/gazon.png')
22:57:16.899 [main] DEBUG org.springframework.jdbc.datasource.init.ScriptUtils -- 5 returned as update count for SQL: INSERT INTO Plante (nom, point_de_vie, attaque_par_seconde, degat_attaque, cout, soleil_par_seconde, effet, chemin_image) VALUES ('Tournesol', 100, 0.00, 0, 50, 25.00, 'normal', 'images/plante/tournesol.png'), ('Pois Tireur', 150, 1.50, 20, 100, 0.00, 'normal', 'images/plante/poistireur.png'), ('Double Pisto P', 150, 1.50, 40, 200, 0.00, 'normal', 'images/plante/doublepois.png'), ('Glace Pois', 120, 1.00, 10, 175, 0.00, 'slow low', 'images/plante/glacepois.png'), ('Noix', 300, 0.00, 0, 50, 0.00, 'normal', 'images/plante/noix.png')
22:57:16.899 [main] DEBUG org.springframework.jdbc.datasource.init.ScriptUtils -- 5 returned as update count for SQL: INSERT INTO Zombie (nom, point_de_vie, attaque_par_seconde, degat_attaque, vitesse_de_deplacement, chemin_image, id_map) VALUES ('Zombie de base', 100, 0.80, 10, 0.50, 'images/zombie/zombie.png', 1), ('Zombie Cone', 200, 0.80, 10, 0.45, 'images/zombie/conehead.png', 1), ('Zombie Seau', 300, 0.70, 10, 0.40, 'images/zombie/buckethead.png', 1), ('Runner Zombie', 80, 1.00, 8, 0.70, 'images/zombie/runner.png', 2), ('Football Zombie', 250, 0.90, 12, 0.60, 'images/zombie/football.png', 3)
22:57:16.899 [main] DEBUG org.springframework.jdbc.datasource.init.ScriptUtils -- Executed SQL script from class path resource [values.sql] in 1 ms.
22:57:16.900 [main] DEBUG org.springframework.jdbc.core.JdbcTemplate -- Executing prepared SQL query
22:57:16.900 [main] DEBUG org.springframework.jdbc.core.JdbcTemplate -- Executing prepared SQL statement [SELECT * FROM map WHERE id_map = ?]
22:57:16.900 [main] DEBUG org.springframework.jdbc.datasource.DataSourceUtils -- Fetching JDBC Connection from DataSource
22:57:16.900 [main] DEBUG org.springframework.jdbc.core.JdbcTemplate -- Executing prepared SQL update
22:57:16.900 [main] DEBUG org.springframework.jdbc.core.JdbcTemplate -- Executing prepared SQL statement [INSERT INTO zombie
(nom, point_de_vie, attaque_par_seconde, degat_attaque, vitesse_de_deplacement, chemin_image, id_map)
VALUES (?, ?, ?, ?, ?, ?, ?)
]
22:57:16.900 [main] DEBUG org.springframework.jdbc.datasource.DataSourceUtils -- Fetching JDBC Connection from DataSource
22:57:16.900 [main] DEBUG org.springframework.jdbc.core.JdbcTemplate -- Executing SQL query [SELECT * FROM zombie]
22:57:16.900 [main] DEBUG org.springframework.jdbc.datasource.DataSourceUtils -- Fetching JDBC Connection from DataSource
]]></system-out>
  </testcase>
  <testcase name="testUpdate" classname="com.epf.dao.ZombieDAOTest" time="0.007">
    <system-out><![CDATA[22:57:16.902 [main] DEBUG org.springframework.jdbc.datasource.SingleConnectionDataSource -- Creating new JDBC DriverManager Connection to [jdbc:h2:mem:testdb_testUpdate();DB_CLOSE_DELAY=-1]
22:57:16.903 [main] DEBUG org.springframework.jdbc.datasource.SingleConnectionDataSource -- Established shared JDBC Connection: conn16: url=jdbc:h2:mem:testdb_testUpdate() user=SA
22:57:16.903 [main] DEBUG org.springframework.jdbc.datasource.init.ScriptUtils -- Executing SQL script from class path resource [init.sql]
22:57:16.904 [main] DEBUG org.springframework.jdbc.datasource.init.ScriptUtils -- 0 returned as update count for SQL: CREATE TABLE Map ( id_map INT AUTO_INCREMENT PRIMARY KEY, ligne INT NOT NULL, colonne INT NOT NULL, chemin_image VARCHAR(255) DEFAULT NULL )
22:57:16.904 [main] DEBUG org.springframework.jdbc.datasource.init.ScriptUtils -- 0 returned as update count for SQL: CREATE TABLE Plante ( id_plante INT AUTO_INCREMENT PRIMARY KEY, nom VARCHAR(255) NOT NULL, point_de_vie INT NOT NULL, attaque_par_seconde DECIMAL(5, 2) DEFAULT 0.00, degat_attaque INT NOT NULL, cout INT NOT NULL, soleil_par_seconde DECIMAL(5, 2) DEFAULT 0.00, effet ENUM('normal', 'slow low', 'slow medium', 'slow stop') DEFAULT 'normal', chemin_image VARCHAR(255) DEFAULT NULL )
22:57:16.905 [main] DEBUG org.springframework.jdbc.datasource.init.ScriptUtils -- 0 returned as update count for SQL: CREATE TABLE Zombie ( id_zombie INT AUTO_INCREMENT PRIMARY KEY, nom VARCHAR(255) NOT NULL, point_de_vie INT NOT NULL, attaque_par_seconde DECIMAL(5, 2) DEFAULT 0.00, degat_attaque INT NOT NULL, vitesse_de_deplacement DECIMAL(5, 2) DEFAULT 0.00, chemin_image VARCHAR(255) DEFAULT NULL, id_map INT, CONSTRAINT fk_zombie_map FOREIGN KEY (id_map) REFERENCES Map(id_map) )
22:57:16.905 [main] DEBUG org.springframework.jdbc.datasource.init.ScriptUtils -- Executed SQL script from class path resource [init.sql] in 2 ms.
22:57:16.905 [main] DEBUG org.springframework.jdbc.datasource.init.ScriptUtils -- Executing SQL script from class path resource [values.sql]
22:57:16.906 [main] DEBUG org.springframework.jdbc.datasource.init.ScriptUtils -- 3 returned as update count for SQL: INSERT INTO Map (ligne, colonne, chemin_image) VALUES (5, 9, 'images/map/gazon.png'), (6, 9, 'images/map/gazon.png'), (4, 8, 'images/map/gazon.png')
22:57:16.906 [main] DEBUG org.springframework.jdbc.datasource.init.ScriptUtils -- 5 returned as update count for SQL: INSERT INTO Plante (nom, point_de_vie, attaque_par_seconde, degat_attaque, cout, soleil_par_seconde, effet, chemin_image) VALUES ('Tournesol', 100, 0.00, 0, 50, 25.00, 'normal', 'images/plante/tournesol.png'), ('Pois Tireur', 150, 1.50, 20, 100, 0.00, 'normal', 'images/plante/poistireur.png'), ('Double Pisto P', 150, 1.50, 40, 200, 0.00, 'normal', 'images/plante/doublepois.png'), ('Glace Pois', 120, 1.00, 10, 175, 0.00, 'slow low', 'images/plante/glacepois.png'), ('Noix', 300, 0.00, 0, 50, 0.00, 'normal', 'images/plante/noix.png')
22:57:16.907 [main] DEBUG org.springframework.jdbc.datasource.init.ScriptUtils -- 5 returned as update count for SQL: INSERT INTO Zombie (nom, point_de_vie, attaque_par_seconde, degat_attaque, vitesse_de_deplacement, chemin_image, id_map) VALUES ('Zombie de base', 100, 0.80, 10, 0.50, 'images/zombie/zombie.png', 1), ('Zombie Cone', 200, 0.80, 10, 0.45, 'images/zombie/conehead.png', 1), ('Zombie Seau', 300, 0.70, 10, 0.40, 'images/zombie/buckethead.png', 1), ('Runner Zombie', 80, 1.00, 8, 0.70, 'images/zombie/runner.png', 2), ('Football Zombie', 250, 0.90, 12, 0.60, 'images/zombie/football.png', 3)
22:57:16.907 [main] DEBUG org.springframework.jdbc.datasource.init.ScriptUtils -- Executed SQL script from class path resource [values.sql] in 2 ms.
22:57:16.907 [main] DEBUG org.springframework.jdbc.core.JdbcTemplate -- Executing prepared SQL query
22:57:16.907 [main] DEBUG org.springframework.jdbc.core.JdbcTemplate -- Executing prepared SQL statement [SELECT * FROM zombie WHERE id_zombie = ?]
22:57:16.907 [main] DEBUG org.springframework.jdbc.datasource.DataSourceUtils -- Fetching JDBC Connection from DataSource
22:57:16.907 [main] DEBUG org.springframework.jdbc.core.JdbcTemplate -- Executing prepared SQL query
22:57:16.908 [main] DEBUG org.springframework.jdbc.core.JdbcTemplate -- Executing prepared SQL statement [SELECT * FROM map WHERE id_map = ?]
22:57:16.908 [main] DEBUG org.springframework.jdbc.datasource.DataSourceUtils -- Fetching JDBC Connection from DataSource
22:57:16.908 [main] DEBUG org.springframework.jdbc.core.JdbcTemplate -- Executing prepared SQL update
22:57:16.908 [main] DEBUG org.springframework.jdbc.core.JdbcTemplate -- Executing prepared SQL statement [UPDATE zombie SET
nom = ?,
point_de_vie = ?,
attaque_par_seconde = ?,
degat_attaque = ?,
vitesse_de_deplacement = ?,
chemin_image = ?,
id_map = ?
WHERE id_zombie = ?
]
22:57:16.908 [main] DEBUG org.springframework.jdbc.datasource.DataSourceUtils -- Fetching JDBC Connection from DataSource
22:57:16.908 [main] DEBUG org.springframework.jdbc.core.JdbcTemplate -- Executing prepared SQL query
22:57:16.908 [main] DEBUG org.springframework.jdbc.core.JdbcTemplate -- Executing prepared SQL statement [SELECT * FROM zombie WHERE id_zombie = ?]
22:57:16.908 [main] DEBUG org.springframework.jdbc.datasource.DataSourceUtils -- Fetching JDBC Connection from DataSource
]]></system-out>
  </testcase>
  <testcase name="testDeleteByMapId" classname="com.epf.dao.ZombieDAOTest" time="0.008">
    <system-out><![CDATA[22:57:16.910 [main] DEBUG org.springframework.jdbc.datasource.SingleConnectionDataSource -- Creating new JDBC DriverManager Connection to [jdbc:h2:mem:testdb_testDeleteByMapId();DB_CLOSE_DELAY=-1]
22:57:16.912 [main] DEBUG org.springframework.jdbc.datasource.SingleConnectionDataSource -- Established shared JDBC Connection: conn17: url=jdbc:h2:mem:testdb_testDeleteByMapId() user=SA
22:57:16.912 [main] DEBUG org.springframework.jdbc.datasource.init.ScriptUtils -- Executing SQL script from class path resource [init.sql]
22:57:16.913 [main] DEBUG org.springframework.jdbc.datasource.init.ScriptUtils -- 0 returned as update count for SQL: CREATE TABLE Map ( id_map INT AUTO_INCREMENT PRIMARY KEY, ligne INT NOT NULL, colonne INT NOT NULL, chemin_image VARCHAR(255) DEFAULT NULL )
22:57:16.913 [main] DEBUG org.springframework.jdbc.datasource.init.ScriptUtils -- 0 returned as update count for SQL: CREATE TABLE Plante ( id_plante INT AUTO_INCREMENT PRIMARY KEY, nom VARCHAR(255) NOT NULL, point_de_vie INT NOT NULL, attaque_par_seconde DECIMAL(5, 2) DEFAULT 0.00, degat_attaque INT NOT NULL, cout INT NOT NULL, soleil_par_seconde DECIMAL(5, 2) DEFAULT 0.00, effet ENUM('normal', 'slow low', 'slow medium', 'slow stop') DEFAULT 'normal', chemin_image VARCHAR(255) DEFAULT NULL )
22:57:16.914 [main] DEBUG org.springframework.jdbc.datasource.init.ScriptUtils -- 0 returned as update count for SQL: CREATE TABLE Zombie ( id_zombie INT AUTO_INCREMENT PRIMARY KEY, nom VARCHAR(255) NOT NULL, point_de_vie INT NOT NULL, attaque_par_seconde DECIMAL(5, 2) DEFAULT 0.00, degat_attaque INT NOT NULL, vitesse_de_deplacement DECIMAL(5, 2) DEFAULT 0.00, chemin_image VARCHAR(255) DEFAULT NULL, id_map INT, CONSTRAINT fk_zombie_map FOREIGN KEY (id_map) REFERENCES Map(id_map) )
22:57:16.914 [main] DEBUG org.springframework.jdbc.datasource.init.ScriptUtils -- Executed SQL script from class path resource [init.sql] in 2 ms.
22:57:16.914 [main] DEBUG org.springframework.jdbc.datasource.init.ScriptUtils -- Executing SQL script from class path resource [values.sql]
22:57:16.915 [main] DEBUG org.springframework.jdbc.datasource.init.ScriptUtils -- 3 returned as update count for SQL: INSERT INTO Map (ligne, colonne, chemin_image) VALUES (5, 9, 'images/map/gazon.png'), (6, 9, 'images/map/gazon.png'), (4, 8, 'images/map/gazon.png')
22:57:16.916 [main] DEBUG org.springframework.jdbc.datasource.init.ScriptUtils -- 5 returned as update count for SQL: INSERT INTO Plante (nom, point_de_vie, attaque_par_seconde, degat_attaque, cout, soleil_par_seconde, effet, chemin_image) VALUES ('Tournesol', 100, 0.00, 0, 50, 25.00, 'normal', 'images/plante/tournesol.png'), ('Pois Tireur', 150, 1.50, 20, 100, 0.00, 'normal', 'images/plante/poistireur.png'), ('Double Pisto P', 150, 1.50, 40, 200, 0.00, 'normal', 'images/plante/doublepois.png'), ('Glace Pois', 120, 1.00, 10, 175, 0.00, 'slow low', 'images/plante/glacepois.png'), ('Noix', 300, 0.00, 0, 50, 0.00, 'normal', 'images/plante/noix.png')
22:57:16.916 [main] DEBUG org.springframework.jdbc.datasource.init.ScriptUtils -- 5 returned as update count for SQL: INSERT INTO Zombie (nom, point_de_vie, attaque_par_seconde, degat_attaque, vitesse_de_deplacement, chemin_image, id_map) VALUES ('Zombie de base', 100, 0.80, 10, 0.50, 'images/zombie/zombie.png', 1), ('Zombie Cone', 200, 0.80, 10, 0.45, 'images/zombie/conehead.png', 1), ('Zombie Seau', 300, 0.70, 10, 0.40, 'images/zombie/buckethead.png', 1), ('Runner Zombie', 80, 1.00, 8, 0.70, 'images/zombie/runner.png', 2), ('Football Zombie', 250, 0.90, 12, 0.60, 'images/zombie/football.png', 3)
22:57:16.916 [main] DEBUG org.springframework.jdbc.datasource.init.ScriptUtils -- Executed SQL script from class path resource [values.sql] in 2 ms.
22:57:16.916 [main] DEBUG org.springframework.jdbc.core.JdbcTemplate -- Executing prepared SQL update
22:57:16.916 [main] DEBUG org.springframework.jdbc.core.JdbcTemplate -- Executing prepared SQL statement [DELETE FROM zombie WHERE id_map = ?]
22:57:16.916 [main] DEBUG org.springframework.jdbc.datasource.DataSourceUtils -- Fetching JDBC Connection from DataSource
22:57:16.917 [main] DEBUG org.springframework.jdbc.core.JdbcTemplate -- Executing prepared SQL query
22:57:16.917 [main] DEBUG org.springframework.jdbc.core.JdbcTemplate -- Executing prepared SQL statement [SELECT * FROM zombie WHERE id_map = ?]
22:57:16.917 [main] DEBUG org.springframework.jdbc.datasource.DataSourceUtils -- Fetching JDBC Connection from DataSource
]]></system-out>
  </testcase>
</testsuite>